<?xml version="1.0" encoding="UTF-8"?>
<testsuite name="BowlingGameTest" tests="1" skipped="0" failures="0" errors="0" timestamp="2020-05-31T16:51:10" hostname="liuyangs-MacBook-Pro.local" time="0.004">
  <properties/>
  <testcase name="should_be_10_plus_following_two_balls_strike_bottles_when_calculate_first_game_score_give_first_score_STRIKE_and_second_game_not_STRIKE" classname="BowlingGameTest" time="0.004"/>
  <system-out><![CDATA[10
]]></system-out>
  <system-err><![CDATA[]]></system-err>
</testsuite>
